Mon Oct 17 22:33:33 2022       
+-----------------------------------------------------------------------------+
| NVIDIA-SMI 510.47.03    Driver Version: 510.47.03    CUDA Version: 11.6     |
|-------------------------------+----------------------+----------------------+
| GPU  Name        Persistence-M| Bus-Id        Disp.A | Volatile Uncorr. ECC |
| Fan  Temp  Perf  Pwr:Usage/Cap|         Memory-Usage | GPU-Util  Compute M. |
|                               |                      |               MIG M. |
|===============================+======================+======================|
|   0  NVIDIA A100-SXM...  On   | 00000000:01:00.0 Off |                    0 |
| N/A   29C    P0    53W / 400W |      0MiB / 40960MiB |      0%      Default |
|                               |                      |             Disabled |
+-------------------------------+----------------------+----------------------+
|   1  NVIDIA A100-SXM...  On   | 00000000:41:00.0 Off |                    0 |
| N/A   56C    P0   347W / 400W |  36634MiB / 40960MiB |    100%      Default |
|                               |                      |             Disabled |
+-------------------------------+----------------------+----------------------+
|   2  NVIDIA A100-SXM...  On   | 00000000:81:00.0 Off |                    0 |
| N/A   29C    P0    54W / 400W |      0MiB / 40960MiB |      0%      Default |
|                               |                      |             Disabled |
+-------------------------------+----------------------+----------------------+
|   3  NVIDIA A100-SXM...  On   | 00000000:C1:00.0 Off |                    0 |
| N/A   29C    P0    53W / 400W |      0MiB / 40960MiB |      0%      Default |
|                               |                      |             Disabled |
+-------------------------------+----------------------+----------------------+
                                                                               
+-----------------------------------------------------------------------------+
| Processes:                                                                  |
|  GPU   GI   CI        PID   Type   Process name                  GPU Memory |
|        ID   ID                                                   Usage      |
|=============================================================================|
|    1   N/A  N/A   3166384      C   python                          36621MiB |
+-----------------------------------------------------------------------------+
nvcc: NVIDIA (R) Cuda compiler driver
Copyright (c) 2005-2020 NVIDIA Corporation
Built on Wed_Jul_22_19:09:09_PDT_2020
Cuda compilation tools, release 11.0, V11.0.221
Build cuda_11.0_bu.TC445_37.28845127_0
START
We have CUDA.
max_value = tensor(34.7737)
Continue training
New model is initialized
0
torch.Size([32, 15, 1, 513, 5])
torch.Size([32, 15, 1, 513, 5])
1
torch.Size([32, 15, 1, 513, 5])
torch.Size([32, 15, 1, 513, 5])
2
torch.Size([32, 15, 1, 513, 5])
torch.Size([32, 15, 1, 513, 5])
3
torch.Size([32, 15, 1, 513, 5])
torch.Size([32, 15, 1, 513, 5])
4
torch.Size([32, 15, 1, 513, 5])
torch.Size([32, 15, 1, 513, 5])
5
torch.Size([32, 15, 1, 513, 5])
torch.Size([32, 15, 1, 513, 5])
6
torch.Size([32, 15, 1, 513, 5])
torch.Size([32, 15, 1, 513, 5])
7
torch.Size([32, 15, 1, 513, 5])
torch.Size([32, 15, 1, 513, 5])
8
torch.Size([32, 15, 1, 513, 5])
torch.Size([32, 15, 1, 513, 5])
9
torch.Size([32, 15, 1, 513, 5])
torch.Size([32, 15, 1, 513, 5])
10
torch.Size([32, 15, 1, 513, 5])
torch.Size([32, 15, 1, 513, 5])
11
torch.Size([32, 15, 1, 513, 5])
torch.Size([32, 15, 1, 513, 5])
12
torch.Size([32, 15, 1, 513, 5])
torch.Size([32, 15, 1, 513, 5])
13
torch.Size([32, 15, 1, 513, 5])
torch.Size([32, 15, 1, 513, 5])
FINISH
